#######################################################################################
# log primitive debug message of FSDB dumping                                         #
# This is for R&D to analyze when there are issues happening when FSDB dump           #
#######################################################################################
ANF: vcsd_get_serial_mode_status('simv: undefined symbol: vcsd_get_serial_mode_status')
ANF: vcsd_enable_sva_success_callback('simv: undefined symbol: vcsd_enable_sva_success_callback')
ANF: vcsd_disable_sva_success_callback('simv: undefined symbol: vcsd_disable_sva_success_callback')
ANF: vcsd_get_power_scope_name('simv: undefined symbol: vcsd_get_power_scope_name')
ANF: vcsd_begin_no_value_var_info('simv: undefined symbol: vcsd_begin_no_value_var_info')
ANF: vcsd_end_no_value_var_info('simv: undefined symbol: vcsd_end_no_value_var_info')
ANF: vcsd_remove_xprop_merge_mode_callback('simv: undefined symbol: vcsd_remove_xprop_merge_mode_callback')
ANF: vhpi_get_cb_info('simv: undefined symbol: vhpi_get_cb_info')
ANF: vhpi_free_handle('simv: undefined symbol: vhpi_free_handle')
ANF: vhpi_fetch_vcsd_handle('simv: undefined symbol: vhpi_fetch_vcsd_handle')
ANF: vhpi_fetch_vpi_handle('simv: undefined symbol: vhpi_fetch_vpi_handle')
ANF: vhpi_has_verilog_parent('simv: undefined symbol: vhpi_has_verilog_parent')
ANF: vhpi_is_verilog_scope('simv: undefined symbol: vhpi_is_verilog_scope')
ANF: scsd_xprop_is_enabled('simv: undefined symbol: scsd_xprop_is_enabled')
ANF: scsd_xprop_sig_is_promoted('simv: undefined symbol: scsd_xprop_sig_is_promoted')
ANF: scsd_xprop_int_xvalue('simv: undefined symbol: scsd_xprop_int_xvalue')
ANF: scsd_xprop_bool_xvalue('simv: undefined symbol: scsd_xprop_bool_xvalue')
ANF: scsd_xprop_enum_xvalue('simv: undefined symbol: scsd_xprop_enum_xvalue')
ANF: scsd_xprop_register_merge_mode_cb('simv: undefined symbol: scsd_xprop_register_merge_mode_cb')
ANF: scsd_xprop_delete_merge_mode_cb('simv: undefined symbol: scsd_xprop_delete_merge_mode_cb')
ANF: scsd_xprop_get_merge_mode('simv: undefined symbol: scsd_xprop_get_merge_mode')
ANF: scsd_thread_get_info('simv: undefined symbol: scsd_thread_get_info')
ANF: scsd_thread_vc_init('simv: undefined symbol: scsd_thread_vc_init')
ANF: scsd_master_set_delta_sync_cbk('simv: undefined symbol: scsd_master_set_delta_sync_cbk')
ANF: scsd_fgp_get_fsdb_cores('simv: undefined symbol: scsd_fgp_get_fsdb_cores')
ANF: msvEnableDumpingMode('simv: undefined symbol: msvEnableDumpingMode')
ANF: msvGetVersion('simv: undefined symbol: msvGetVersion')
ANF: msvGetInstProp('simv: undefined symbol: msvGetInstProp')
ANF: msvIsSpiceEngineReady('simv: undefined symbol: msvIsSpiceEngineReady')
ANF: msvSetAddProbeCallback('simv: undefined symbol: msvSetAddProbeCallback')
ANF: msvGetInstHandle('simv: undefined symbol: msvGetInstHandle')
ANF: msvGetProbeByInst('simv: undefined symbol: msvGetProbeByInst')
ANF: msvGetSigHandle('simv: undefined symbol: msvGetSigHandle')
ANF: msvGetProbeBySig('simv: undefined symbol: msvGetProbeBySig')
ANF: msvGetProbeInfo('simv: undefined symbol: msvGetProbeInfo')
ANF: msvRelease('simv: undefined symbol: msvRelease')
ANF: msvSetVcCallbackFunc('simv: undefined symbol: msvSetVcCallbackFunc')
ANF: msvCheckVcCallback('simv: undefined symbol: msvCheckVcCallback')
ANF: msvAddVcCallback('simv: undefined symbol: msvAddVcCallback')
ANF: msvRemoveVcCallback('simv: undefined symbol: msvRemoveVcCallback')
ANF: msvGetLatestValue('simv: undefined symbol: msvGetLatestValue')
ANF: msvSetEndofSimCallback('simv: undefined symbol: msvSetEndofSimCallback')
ANF: msvIgnoredProbe('simv: undefined symbol: msvIgnoredProbe')
ANF: msvGetThruNetInfo('simv: undefined symbol: msvGetThruNetInfo')
ANF: msvFreeThruNetInfo('simv: undefined symbol: msvFreeThruNetInfo')
ANF: PI_ace_get_output_time_unit('simv: undefined symbol: PI_ace_get_output_time_unit')
ANF: PI_ace_sim_sync('simv: undefined symbol: PI_ace_sim_sync')
ANF: msvGetRereadInitFile('simv: undefined symbol: msvGetRereadInitFile')
ANF: msvSetBeforeRereadCallback('simv: undefined symbol: msvSetBeforeRereadCallback')
ANF: msvSetAfterRereadCallback('simv: undefined symbol: msvSetAfterRereadCallback')
ANF: msvSetForceCallback('simv: undefined symbol: msvSetForceCallback')
ANF: msvSetReleaseCallback('simv: undefined symbol: msvSetReleaseCallback')
ANF: msvGetForceStatus('simv: undefined symbol: msvGetForceStatus')
ANF: vhdi_dt_get_type('simv: undefined symbol: vhdi_dt_get_type')
ANF: vhdi_dt_get_key('simv: undefined symbol: vhdi_dt_get_key')
ANF: vhdi_dt_get_vhdl_enum_info('simv: undefined symbol: vhdi_dt_get_vhdl_enum_info')
ANF: vhdi_dt_get_vhdl_physical_info('simv: undefined symbol: vhdi_dt_get_vhdl_physical_info')
ANF: vhdi_dt_get_vhdl_array_info('simv: undefined symbol: vhdi_dt_get_vhdl_array_info')
ANF: vhdi_dt_get_vhdl_record_info('simv: undefined symbol: vhdi_dt_get_vhdl_record_info')
ANF: vhdi_def_traverse_module('simv: undefined symbol: vhdi_def_traverse_module')
ANF: vhdi_def_traverse_scope('simv: undefined symbol: vhdi_def_traverse_scope')
ANF: vhdi_def_traverse_variable('simv: undefined symbol: vhdi_def_traverse_variable')
ANF: vhdi_def_get_module_id_by_vhpi('simv: undefined symbol: vhdi_def_get_module_id_by_vhpi')
ANF: vhdi_def_get_handle_by_module_id('simv: undefined symbol: vhdi_def_get_handle_by_module_id')
ANF: vhdi_def_get_variable_info_by_vhpi('simv: undefined symbol: vhdi_def_get_variable_info_by_vhpi')
ANF: vhdi_def_free('simv: undefined symbol: vhdi_def_free')
ANF: vhdi_ist_traverse_scope('simv: undefined symbol: vhdi_ist_traverse_scope')
ANF: vhdi_ist_traverse_variable('simv: undefined symbol: vhdi_ist_traverse_variable')
ANF: vhdi_ist_convert_by_vhpi('simv: undefined symbol: vhdi_ist_convert_by_vhpi')
ANF: vhdi_ist_clone('simv: undefined symbol: vhdi_ist_clone')
ANF: vhdi_ist_free('simv: undefined symbol: vhdi_ist_free')
ANF: vhdi_ist_hash_key('simv: undefined symbol: vhdi_ist_hash_key')
ANF: vhdi_ist_compare('simv: undefined symbol: vhdi_ist_compare')
ANF: vhdi_ist_get_value_addr('simv: undefined symbol: vhdi_ist_get_value_addr')
ANF: vhdi_set_scsd_callback('simv: undefined symbol: vhdi_set_scsd_callback')
ANF: vhdi_cbk_set_force_callback('simv: undefined symbol: vhdi_cbk_set_force_callback')
ANF: vhdi_trigger_init_force('simv: undefined symbol: vhdi_trigger_init_force')
ANF: vhdi_ist_check_scsd_callback('simv: undefined symbol: vhdi_ist_check_scsd_callback')
ANF: vhdi_ist_add_scsd_callback('simv: undefined symbol: vhdi_ist_add_scsd_callback')
ANF: vhdi_ist_remove_scsd_callback('simv: undefined symbol: vhdi_ist_remove_scsd_callback')
ANF: vhdi_ist_get_scsd_user_data('simv: undefined symbol: vhdi_ist_get_scsd_user_data')
ANF: vhdi_add_time_change_callback('simv: undefined symbol: vhdi_add_time_change_callback')
ANF: vhdi_get_real_value_by_value_addr('simv: undefined symbol: vhdi_get_real_value_by_value_addr')
ANF: vhdi_get_64_value_by_value_addr('simv: undefined symbol: vhdi_get_64_value_by_value_addr')
ANF: vhdi_xprop_inst_is_promoted('simv: undefined symbol: vhdi_xprop_inst_is_promoted')
ANF: vdi_ist_convert_by_vhdi('simv: undefined symbol: vdi_ist_convert_by_vhdi')
ANF: vhdi_ist_get_module_id('simv: undefined symbol: vhdi_ist_get_module_id')
ANF: vhdi_refine_foreign_scope_type('simv: undefined symbol: vhdi_refine_foreign_scope_type')
ANF: vhdi_flush_callback('simv: undefined symbol: vhdi_flush_callback')
ANF: vhdi_set_orig_name('simv: undefined symbol: vhdi_set_orig_name')
ANF: vhdi_set_dump_pt('simv: undefined symbol: vhdi_set_dump_pt')
ANF: vhdi_get_fsdb_option('simv: undefined symbol: vhdi_get_fsdb_option')
ANF: vhdi_fgp_get_mode('simv: undefined symbol: vhdi_fgp_get_mode')
ANF: vhdi_node_register_composite_var('simv: undefined symbol: vhdi_node_register_composite_var')
ANF: vhdi_node_analysis('simv: undefined symbol: vhdi_node_analysis')
ANF: vhdi_node_id('simv: undefined symbol: vhdi_node_id')
ANF: vhdi_node_ist_check_scsd_callback('simv: undefined symbol: vhdi_node_ist_check_scsd_callback')
ANF: vhdi_node_ist_add_scsd_callback('simv: undefined symbol: vhdi_node_ist_add_scsd_callback')
ANF: vhdi_node_ist_get_value_addr('simv: undefined symbol: vhdi_node_ist_get_value_addr')
VCS compile option:
 option[0]: simv
 option[1]: +define+
 option[2]: +neg_tchk
 option[3]: +maxdelays
 option[4]: +notimingcheck
 option[5]: +nospecify
 option[6]: +vc
 option[7]: +v2k
 option[8]: +lint=TFIPC-L
 option[9]: /home/synopsys/vcs-mx/O-2018.09-SP2/linux64/bin/vcs1
 option[10]: -Mcc=gcc
 option[11]: -Mcplusplus=g++
 option[12]: -Masflags=
 option[13]: -Mcfl= -pipe -fPIC -O -I/home/synopsys/vcs-mx/O-2018.09-SP2/include 
 option[14]: -Mxcflags= -pipe -fPIC -I/home/synopsys/vcs-mx/O-2018.09-SP2/include
 option[15]: -Mldflags= -rdynamic 
 option[16]: -Mout=simv
 option[17]: -Mamsrun=
 option[18]: -Mvcsaceobjs=
 option[19]: -Mobjects= /home/synopsys/vcs-mx/O-2018.09-SP2/linux64/lib/libvirsim.so /home/synopsys/vcs-mx/O-2018.09-SP2/linux64/lib/liberrorinf.so /home/synopsys/vcs-mx/O-2018.09-SP2/linux64/lib/libsnpsmalloc.so /home/synopsys/vcs-mx/O-2018.09-SP2/linux64/lib/libvfs.so 
 option[20]: -Mexternalobj=
 option[21]: -Msaverestoreobj=/home/synopsys/vcs-mx/O-2018.09-SP2/linux64/lib/vcs_save_restore_new.o
 option[22]: -Mcrt0=
 option[23]: -Mcrtn=
 option[24]: -Mcsrc=
 option[25]: -Msyslibs=/home/synopsys/verdi/Verdi_O-2018.09-SP2/share/PLI/VCS/LINUX64/pli.a -ldl 
 option[26]: -Xvcs_run_simv=1
 option[27]: -top
 option[28]: tb_top
 option[29]: -timescale=1ns/1ns
 option[30]: -full64
 option[31]: +define+
 option[32]: +neg_tchk
 option[33]: +maxdelays
 option[34]: +notimingcheck
 option[35]: +nospecify
 option[36]: +vc
 option[37]: +v2k
 option[38]: +lint=TFIPC-L
 option[39]: -debug_access+all
 option[40]: +vpi
 option[41]: +vcsd1
 option[42]: +itf+/home/synopsys/vcs-mx/O-2018.09-SP2/linux64/lib/vcsdp_lite.tab
 option[43]: -fsdb
 option[44]: -P
 option[45]: /home/synopsys/verdi/Verdi_O-2018.09-SP2/share/PLI/VCS/LINUX64/verdi.tab
 option[46]: -picarchive
 option[47]: -debug_acc+fsdb
 option[48]: -sverilog
 option[49]: -gen_obj
 option[50]: -f
 option[51]: filelist.f
 option[52]: -load
 option[53]: /home/synopsys/verdi/Verdi_O-2018.09-SP2/share/PLI/VCS/LINUX64/libnovas.so:FSDBDumpCmd
 option[54]: timescale=1ns/1ns
Chronologic Simulation VCS Release O-2018.09-SP2_Full64
Linux 3.10.0-1160.53.1.el7.x86_64 #1 SMP Fri Jan 14 13:59:45 UTC 2022 x86_64
CPU cores: 4
Limit information:
======================================
cputime		unlimited
filesize		unlimited
datasize		unlimited
stacksize		8192 kbytes
coredumpsize		0 kbytes
memoryuse		unlimited
vmemoryuse		unlimited
descriptors		4096
memorylocked		64 kbytes
maxproc		4096
======================================
(Special)Runtime environment variables:

Runtime environment variables:
XDG_VTNR=1
LC_PAPER=zh_CN.UTF-8
SSH_AGENT_PID=3248
XDG_SESSION_ID=1
HOSTNAME=IC_EDA
LC_MONETARY=zh_CN.UTF-8
UNAME=/bin/uname
IMSETTINGS_INTEGRATE_DESKTOP=yes
SCRNAME=vcs
VCS_DEPTH=0
SHELL=/bin/bash
VTE_VERSION=5204
XDG_MENU_PREFIX=gnome-
TERM=xterm-256color
MAKEFLAGS=
HISTSIZE=1000
GNOME_TERMINAL_SCREEN=/org/gnome/Terminal/screen/73290581_cb5c_4ab6_8f7d_5325220e72c0
LC_NUMERIC=zh_CN.UTF-8
QTDIR=/usr/lib/qt-3.3
QTINC=/usr/lib/qt-3.3/include
LC_ALL=C
QT_GRAPHICSSYSTEM_CHECKED=1
IMSETTINGS_MODULE=none
USER=ICer
LS_COLORS=rs=0:di=38;5;27:ln=38;5;51:mh=44;38;5;15:pi=40;38;5;11:so=38;5;13:do=38;5;5:bd=48;5;232;38;5;11:cd=48;5;232;38;5;3:or=48;5;232;38;5;9:mi=05;48;5;232;38;5;15:su=48;5;196;38;5;15:sg=48;5;11;38;5;16:ca=48;5;196;38;5;226:tw=48;5;10;38;5;16:ow=48;5;10;38;5;21:st=48;5;21;38;5;15:ex=38;5;34:*.tar=38;5;9:*.tgz=38;5;9:*.arc=38;5;9:*.arj=38;5;9:*.taz=38;5;9:*.lha=38;5;9:*.lz4=38;5;9:*.lzh=38;5;9:*.lzma=38;5;9:*.tlz=38;5;9:*.txz=38;5;9:*.tzo=38;5;9:*.t7z=38;5;9:*.zip=38;5;9:*.z=38;5;9:*.Z=38;5;9:*.dz=38;5;9:*.gz=38;5;9:*.lrz=38;5;9:*.lz=38;5;9:*.lzo=38;5;9:*.xz=38;5;9:*.bz2=38;5;9:*.bz=38;5;9:*.tbz=38;5;9:*.tbz2=38;5;9:*.tz=38;5;9:*.deb=38;5;9:*.rpm=38;5;9:*.jar=38;5;9:*.war=38;5;9:*.ear=38;5;9:*.sar=38;5;9:*.rar=38;5;9:*.alz=38;5;9:*.ace=38;5;9:*.zoo=38;5;9:*.cpio=38;5;9:*.7z=38;5;9:*.rz=38;5;9:*.cab=38;5;9:*.jpg=38;5;13:*.jpeg=38;5;13:*.gif=38;5;13:*.bmp=38;5;13:*.pbm=38;5;13:*.pgm=38;5;13:*.ppm=38;5;13:*.tga=38;5;13:*.xbm=38;5;13:*.xpm=38;5;13:*.tif=38;5;13:*.tiff=38;5;13:*.png=38;5;13:*.svg=38;5;13:*.svgz=38;5;13:*.mng=38;5;13:*.pcx=38;5;13:*.mov=38;5;13:*.mpg=38;5;13:*.mpeg=38;5;13:*.m2v=38;5;13:*.mkv=38;5;13:*.webm=38;5;13:*.ogm=38;5;13:*.mp4=38;5;13:*.m4v=38;5;13:*.mp4v=38;5;13:*.vob=38;5;13:*.qt=38;5;13:*.nuv=38;5;13:*.wmv=38;5;13:*.asf=38;5;13:*.rm=38;5;13:*.rmvb=38;5;13:*.flc=38;5;13:*.avi=38;5;13:*.fli=38;5;13:*.flv=38;5;13:*.gl=38;5;13:*.dl=38;5;13:*.xcf=38;5;13:*.xwd=38;5;13:*.yuv=38;5;13:*.cgm=38;5;13:*.emf=38;5;13:*.axv=38;5;13:*.anx=38;5;13:*.ogv=38;5;13:*.ogx=38;5;13:*.aac=38;5;45:*.au=38;5;45:*.flac=38;5;45:*.mid=38;5;45:*.midi=38;5;45:*.mka=38;5;45:*.mp3=38;5;45:*.mpc=38;5;45:*.ogg=38;5;45:*.ra=38;5;45:*.wav=38;5;45:*.axa=38;5;45:*.oga=38;5;45:*.spx=38;5;45:*.xspf=38;5;45:
LD_LIBRARY_PATH=/home/synopsys/vcs-mx/O-2018.09-SP2/linux64/lib::/home/synopsys/verdi/Verdi_O-2018.09-SP2/share/PLI/lib/LINUX64:/home/synopsys/verdi/Verdi_O-2018.09-SP2/share/PLI/IUS/LINUX64/boot
GNOME_TERMINAL_SERVICE=:1.113
SCRIPT_NAME=vcs
MAKE_TERMOUT=/dev/pts/3
VCS_MX_HOME_INTERNAL=1
SSH_AUTH_SOCK=/run/user/1000/keyring/ssh
DVE_HOME=/home/synopsys/vcs/O-2018.09-SP2
SNPSLMD_LICENSE_FILE=27000@IC_EDA
USERNAME=ICer
SESSION_MANAGER=local/unix:@/tmp/.ICE-unix/3118,unix/unix:/tmp/.ICE-unix/3118
MAKELEVEL=1
OVA_UUM=0
MFLAGS=
VCS_MODE_FLAG=64
GNOME_SHELL_SESSION_MODE=classic
DESKTOP_SESSION=gnome-classic
PATH=.:/usr/lib/qt-3.3/bin:/usr/local/bin:/usr/local/sbin:/usr/bin:/usr/sbin:/bin:/sbin:/home/synopsys/pts/O-2018.06-SP1/bin:/home/synopsys/syn/O-2018.06-SP1/bin:/home/synopsys/lc/O-2018.06-SP1/bin:/home/synopsys/SpyGlass-L2016.06/SPYGLASS_HOME//bin:/home/synopsys/vcs/O-2018.09-SP2/gui/dve/bin:/home/synopsys/vcs-mx/O-2018.09-SP2/bin:/home/synopsys/verdi/Verdi_O-2018.09-SP2/bin:/home/synopsys/verdi/Verdi_O-2018.09-SP2/platform/LINUX/bin:/home/synopsys/scl/2018.06/linux64/bin::/home/ICer/modelsim/modelsim_ase/bin:/home/Riscv_Tools/bin:/home/Riscv_Tools/riscv-gnu-toolchain/qemu-6.0.0/build/riscv32-linux-user
MAIL=/var/spool/mail/ICer
PT_HOME=/home/synopsys/pts/O-2018.06-SP1
QT_IM_MODULE=ibus
VERDI_HOME=/home/synopsys/verdi/Verdi_O-2018.09-SP2
XDG_SESSION_TYPE=x11
PWD=/home/ICer/EDA_exercise_bupt/cpu_design
XMODIFIERS=@im=ibus
VCS_HOME=/home/synopsys/vcs-mx/O-2018.09-SP2
LANG=zh_CN.UTF-8
GDM_LANG=zh_CN.UTF-8
KDEDIRS=/usr
VCS_ARCH_OVERRIDE=linux
LC_MEASUREMENT=zh_CN.UTF-8
VMR_MODE_FLAG=64
GDMSESSION=gnome-classic
QEMU_HOME=/home/Riscv_Tools/riscv-gnu-toolchain/qemu-6.0.0
HISTCONTROL=ignoredups
VCS_ARG_ADDED_FOR_TMP=1
SNPS_VCS_TMPDIR=/tmp/vcs_20250328154044_102074
HOME=/home/ICer
XDG_SEAT=seat0
RISCV=/home/Riscv_Tools
SHLVL=4
GNOME_DESKTOP_SESSION_ID=this-is-deprecated
VCS_COM=/home/synopsys/vcs-mx/O-2018.09-SP2/linux64/bin/vcs1
XDG_SESSION_DESKTOP=gnome-classic
LOGNAME=ICer
DC_HOME=/home/synopsys/syn/O-2018.06-SP1
MGLS_LICENSE_FILE=/home/mentor/questasim/mentor.dat
QTLIB=/usr/lib/qt-3.3/lib
SPYGLASS_HOME=/home/synopsys/SpyGlass-L2016.06/SPYGLASS_HOME/
MAKE_TERMERR=/dev/pts/3
XDG_DATA_DIRS=/home/ICer/.local/share/flatpak/exports/share/:/var/lib/flatpak/exports/share/:/usr/local/share/:/usr/share/
DBUS_SESSION_BUS_ADDRESS=unix:abstract=/tmp/dbus-DPemuGnzGq,guid=ddd8180ca50051d389e82baa67e25e88
LESSOPEN=||/usr/bin/lesspipe.sh %s
SCL_HOME=/home/synopsys/scl/2018.06
sysc_uni_pwd=/home/ICer/EDA_exercise_bupt/cpu_design
WINDOWPATH=1
XDG_RUNTIME_DIR=/run/user/1000
DISPLAY=:0
VCS_ARCH=linux64
QT_PLUGIN_PATH=/usr/lib64/kde4/plugins:/usr/lib/kde4/plugins
LC_HOME=/home/synopsys/lc/O-2018.06-SP1
TOOL_HOME=/home/synopsys/vcs-mx/O-2018.09-SP2/linux64
XDG_CURRENT_DESKTOP=GNOME-Classic:GNOME
LC_TIME=zh_CN.UTF-8
XAUTHORITY=/run/gdm/auth-for-ICer-M6R4qp/database
COLORTERM=truecolor
_=./simv
OLDPWD=/home/ICer/EDA_exercise_bupt/cpu_design/simv.daidir/debug_dump/fsearch
VCS_HEAP_EXEC=true
VCS_PATHMAP_PRELOAD_DONE=1
VCS_EXEC_DONE=1
DVE=/home/synopsys/vcs-mx/O-2018.09-SP2/gui/dve
SPECMAN_OUTPUT_TO_TTY=1
Runtime command line arguments:
argv[0]=simv
argv[1]=+define+
argv[2]=+neg_tchk
argv[3]=+maxdelays
argv[4]=+notimingcheck
argv[5]=+nospecify
argv[6]=+vc
argv[7]=+v2k
argv[8]=+lint=TFIPC-L
285 profile - 100
          CPU/Mem usage: 0.020 sys,  0.090 user,  246.19M mem
286 Fri Mar 28 23:40:45 2025
287 pliAppInit
288 FSDB_GATE is set.
289 FSDB_RTL is set.
290 Enable Parallel Dumping.
291 pliAppMiscSet: New Sim Round
292 pliEntryInit
293 LIBSSCORE=found /home/synopsys/verdi/Verdi_O-2018.09-SP2/share/PLI/lib/LINUXAMD64/libsscore_vcs201809.so through $NOVAS_HOME setting.
294 FSDB Dumper for VCS, Release Verdi_O-2018.09-SP2, Linux x86_64/64bit, 02/21/2019
295 (C) 1996 - 2019 by Synopsys, Inc.
296 sps_call_fsdbDumpfile_main at 0 : ./tb/tb_top.v(77)
297 argv[0]: (tb.fsdb)
298 *Verdi* FSDB WARNING: The FSDB file already exists. Overwriting the FSDB file may crash the programs that are using this file.
299 *Verdi* : Create FSDB file 'tb.fsdb'
300 compile option from '/home/ICer/EDA_exercise_bupt/cpu_design/simv.daidir/vcs_rebuild'.
301   "vcs '-f' 'filelist.f' '-top' 'tb_top' '-timescale=1ns/1ns' '-full64' '+define+' '-R' '+neg_tchk' '+maxdelays' '+notimingcheck' '+nospecify' '+vc' '+v2k' '-sverilog' '+lint=TFIPC-L' '-debug_access+all' '-fsdb' 2>&1"
302 FSDB_VCS_ENABLE_FAST_VC is enable
303 sps_call_fsdbDumpvars_vd_main at 0 : ./tb/tb_top.v(78)
304 argv[0]: (+all)
305 [spi_vcs_vd_ppi_create_root]: no upf option
306 FSDB dumper cannot dump UPF related power signal ($power_tree): no ppiPowerNetwork.
307 *Verdi* : Begin traversing the scopes, layer (0).
308 *Verdi* : Enable +all dumping.
309 *Verdi* : End of traversing.
310 pliAppHDL_DumpVarComplete traverse var: profile - 
          CPU/Mem usage: 0.030 sys,  0.090 user,  342.51M mem
                   incr: 0.000 sys,  0.000 user,  8.91M mem
                   accu: 0.000 sys,  0.000 user,  8.91M mem
              accu incr: 0.000 sys,  0.000 user,  8.91M mem

          Count usage: 54 var,  54 idcode,  21 callback
                 incr: 54 var,  54 idcode,  21 callback
                 accu: 54 var,  54 idcode,  21 callback
            accu incr: 54 var,  54 idcode,  21 callback
311 Fri Mar 28 23:40:45 2025
312 pliAppHDL_DumpVarComplete: profile - 
          CPU/Mem usage: 0.030 sys,  0.090 user,  343.56M mem
                   incr: 0.000 sys,  0.000 user,  1.05M mem
                   accu: 0.000 sys,  0.000 user,  9.96M mem
              accu incr: 0.000 sys,  0.000 user,  1.05M mem

          Count usage: 54 var,  54 idcode,  21 callback
                 incr: 0 var,  0 idcode,  0 callback
                 accu: 54 var,  54 idcode,  21 callback
            accu incr: 0 var,  0 idcode,  0 callback
313 Fri Mar 28 23:40:45 2025
314 End of simulation at 140000
315 Fri Mar 28 23:40:45 2025
316 Begin FSDB profile info:
317 FSDB Writer : bc1(47) bcn(25) mtf/stf(0/0)
FSDB Writer elapsed time : flush(0.001917) io wait(0.000000) theadpool wait(0.000000) target functin(0.000000)
FSDB Writer cpu time : MT Compression : 0
318 End FSDB profile info
319 Parallel profile    -  Flush:3 Expand:0 ProduceWait:0 ConsumerWait:0 BlockUsed:0
320                        ProduceTime:0.131237917 ConsumerTime:0.000000000 Buffer:64MB
321 SimExit
322 Sim process exit
